d:\documents\visual studio 2017\projects\irrlichtsamlpe\irrlichtsamlpe\x64\debug\irrlichtsamlpe.pch
d:\documents\visual studio 2017\projects\irrlichtsamlpe\irrlichtsamlpe\x64\debug\vc141.pdb
d:\documents\visual studio 2017\projects\irrlichtsamlpe\irrlichtsamlpe\x64\debug\vc141.idb
d:\documents\visual studio 2017\projects\irrlichtsamlpe\irrlichtsamlpe\x64\debug\stdafx.obj
d:\documents\visual studio 2017\projects\irrlichtsamlpe\irrlichtsamlpe\x64\debug\irrlichtsamlpe.obj
d:\documents\visual studio 2017\projects\irrlichtsamlpe\irrlichtsamlpe\x64\debug\game.obj
d:\documents\visual studio 2017\projects\irrlichtsamlpe\x64\debug\irrlichtsamlpe.ilk
d:\documents\visual studio 2017\projects\irrlichtsamlpe\x64\debug\irrlichtsamlpe.exe
d:\documents\visual studio 2017\projects\irrlichtsamlpe\x64\debug\irrlichtsamlpe.pdb
d:\documents\visual studio 2017\projects\irrlichtsamlpe\irrlichtsamlpe\x64\debug\irrlichtsamlpe.tlog\cl.command.1.tlog
d:\documents\visual studio 2017\projects\irrlichtsamlpe\irrlichtsamlpe\x64\debug\irrlichtsamlpe.tlog\cl.read.1.tlog
d:\documents\visual studio 2017\projects\irrlichtsamlpe\irrlichtsamlpe\x64\debug\irrlichtsamlpe.tlog\cl.write.1.tlog
d:\documents\visual studio 2017\projects\irrlichtsamlpe\irrlichtsamlpe\x64\debug\irrlichtsamlpe.tlog\link-cvtres.read.1.tlog
d:\documents\visual studio 2017\projects\irrlichtsamlpe\irrlichtsamlpe\x64\debug\irrlichtsamlpe.tlog\link-cvtres.write.1.tlog
d:\documents\visual studio 2017\projects\irrlichtsamlpe\irrlichtsamlpe\x64\debug\irrlichtsamlpe.tlog\link-rc.read.1.tlog
d:\documents\visual studio 2017\projects\irrlichtsamlpe\irrlichtsamlpe\x64\debug\irrlichtsamlpe.tlog\link-rc.write.1.tlog
d:\documents\visual studio 2017\projects\irrlichtsamlpe\irrlichtsamlpe\x64\debug\irrlichtsamlpe.tlog\link.24344-cvtres.read.1.tlog
d:\documents\visual studio 2017\projects\irrlichtsamlpe\irrlichtsamlpe\x64\debug\irrlichtsamlpe.tlog\link.24344-cvtres.write.1.tlog
d:\documents\visual studio 2017\projects\irrlichtsamlpe\irrlichtsamlpe\x64\debug\irrlichtsamlpe.tlog\link.24344-rc.read.1.tlog
d:\documents\visual studio 2017\projects\irrlichtsamlpe\irrlichtsamlpe\x64\debug\irrlichtsamlpe.tlog\link.24344-rc.write.1.tlog
d:\documents\visual studio 2017\projects\irrlichtsamlpe\irrlichtsamlpe\x64\debug\irrlichtsamlpe.tlog\link.24344.read.1.tlog
d:\documents\visual studio 2017\projects\irrlichtsamlpe\irrlichtsamlpe\x64\debug\irrlichtsamlpe.tlog\link.24344.write.1.tlog
d:\documents\visual studio 2017\projects\irrlichtsamlpe\irrlichtsamlpe\x64\debug\irrlichtsamlpe.tlog\link.command.1.tlog
d:\documents\visual studio 2017\projects\irrlichtsamlpe\irrlichtsamlpe\x64\debug\irrlichtsamlpe.tlog\link.read.1.tlog
d:\documents\visual studio 2017\projects\irrlichtsamlpe\irrlichtsamlpe\x64\debug\irrlichtsamlpe.tlog\link.write.1.tlog
